<?xml version="1.0" encoding="UTF-8"?>
<testsuite xmlns:xsi="http://www.w3.org/2001/XMLSchema-instance" xsi:noNamespaceSchemaLocation="https://maven.apache.org/surefire/maven-surefire-plugin/xsd/surefire-test-report-3.0.xsd" version="3.0" name="pl.testing.OrderTest" time="0.069" tests="11" errors="0" skipped="0" failures="0">
  <properties>
[...]
</properties>
  <testcase name="mealListShouldBeEmptyAfterCreationOfOrder" classname="pl.testing.OrderTest" time="0.004"/>
  <testcase name="cancelingOrderShouldRemoveAllItemsFromMealsList" classname="pl.testing.OrderTest" time="0.001"/>
  <testcase name="orderTotalPriceShouldNotExceedsMaxIntValue" classname="pl.testing.OrderTest" time="0.003"/>
  <testcase name="removingMealFromOrderShouldDecreaseOrderSize" classname="pl.testing.OrderTest" time="0.003"/>
  <testcase name="addingMealToOrderShouldIncreaseOrderSize(int,String)" classname="pl.testing.OrderTest" time="0.022"/>
  <testcase name="addingMealToOrderShouldIncreaseOrderSize(int,String)" classname="pl.testing.OrderTest" time="0.001"/>
  <testcase name="addingMealToOrderShouldIncreaseOrderSize(int,String)" classname="pl.testing.OrderTest" time="0.002"/>
  <testcase name="testAssertArrayEquals" classname="pl.testing.OrderTest" time="0.004"/>
  <testcase name="mealsShouldBeInCorrectOrderAfterAddingThemToOrder" classname="pl.testing.OrderTest" time="0.003"/>
  <testcase name="testIfTwoMealListAreTheSame" classname="pl.testing.OrderTest" time="0.001"/>
  <testcase name="emptyOrderTotalPriceShouldEqualZero" classname="pl.testing.OrderTest" time="0.001"/>
</testsuite>